<?xml version="1.0" ?>
<!DOCTYPE coverage SYSTEM "http://cobertura.sourceforge.net/xml/coverage-04.dtd">
<coverage lines-valid="224" lines-covered="224" line-rate="1" branches-valid="126" branches-covered="88" branch-rate="0.6984" timestamp="1698202647874" complexity="0" version="0.1">
  <sources>
    <source>/Users/renzozuniga/Documents/Projects/Personal Projects/financial-products</source>
  </sources>
  <packages>
    <package name="src" line-rate="1" branch-rate="1">
      <classes>
        <class name="App.js" filename="src/App.js" line-rate="1" branch-rate="1">
          <methods>
            <method name="App" hits="1" signature="()V">
              <lines>
                <line number="9" hits="1"/>
              </lines>
            </method>
          </methods>
          <lines>
            <line number="10" hits="1" branch="false"/>
          </lines>
        </class>
      </classes>
    </package>
    <package name="src.pages.Products" line-rate="1" branch-rate="0.6041">
      <classes>
        <class name="AddProduct.js" filename="src/pages/Products/AddProduct.js" line-rate="1" branch-rate="0.55">
          <methods>
            <method name="(anonymous_0)" hits="20" signature="()V">
              <lines>
                <line number="9" hits="20"/>
              </lines>
            </method>
            <method name="(anonymous_1)" hits="2" signature="()V">
              <lines>
                <line number="48" hits="2"/>
              </lines>
            </method>
            <method name="(anonymous_2)" hits="1" signature="()V">
              <lines>
                <line number="57" hits="1"/>
              </lines>
            </method>
            <method name="(anonymous_3)" hits="2" signature="()V">
              <lines>
                <line number="66" hits="2"/>
              </lines>
            </method>
            <method name="(anonymous_4)" hits="2" signature="()V">
              <lines>
                <line number="85" hits="2"/>
              </lines>
            </method>
            <method name="(anonymous_5)" hits="2" signature="()V">
              <lines>
                <line number="128" hits="2"/>
              </lines>
            </method>
            <method name="(anonymous_6)" hits="2" signature="()V">
              <lines>
                <line number="156" hits="2"/>
              </lines>
            </method>
            <method name="(anonymous_7)" hits="2" signature="()V">
              <lines>
                <line number="208" hits="2"/>
              </lines>
            </method>
            <method name="(anonymous_8)" hits="2" signature="()V">
              <lines>
                <line number="234" hits="2"/>
              </lines>
            </method>
            <method name="(anonymous_9)" hits="38" signature="()V">
              <lines>
                <line number="278" hits="38"/>
              </lines>
            </method>
          </methods>
          <lines>
            <line number="9" hits="2" branch="false"/>
            <line number="10" hits="20" branch="false"/>
            <line number="11" hits="19" branch="false"/>
            <line number="12" hits="19" branch="false"/>
            <line number="13" hits="19" branch="false"/>
            <line number="14" hits="19" branch="false"/>
            <line number="15" hits="19" branch="false"/>
            <line number="16" hits="19" branch="false"/>
            <line number="17" hits="19" branch="false"/>
            <line number="19" hits="19" branch="false"/>
            <line number="42" hits="19" branch="false"/>
            <line number="46" hits="19" branch="false"/>
            <line number="48" hits="19" branch="false"/>
            <line number="49" hits="2" branch="false"/>
            <line number="50" hits="2" branch="false"/>
            <line number="51" hits="2" branch="false"/>
            <line number="52" hits="2" branch="false"/>
            <line number="53" hits="2" branch="false"/>
            <line number="54" hits="2" branch="false"/>
            <line number="57" hits="19" branch="false"/>
            <line number="58" hits="1" branch="false"/>
            <line number="59" hits="1" branch="false"/>
            <line number="60" hits="1" branch="false"/>
            <line number="61" hits="1" branch="false"/>
            <line number="62" hits="1" branch="false"/>
            <line number="63" hits="1" branch="false"/>
            <line number="66" hits="19" branch="false"/>
            <line number="67" hits="2" branch="false"/>
            <line number="69" hits="2" branch="false"/>
            <line number="71" hits="2" branch="false"/>
            <line number="73" hits="2" branch="false"/>
            <line number="80" hits="2" branch="true" condition-coverage="100% (2/2)"/>
            <line number="81" hits="1" branch="false"/>
            <line number="82" hits="1" branch="false"/>
            <line number="85" hits="19" branch="false"/>
            <line number="86" hits="2" branch="false"/>
            <line number="87" hits="2" branch="false"/>
            <line number="88" hits="2" branch="false"/>
            <line number="89" hits="2" branch="false"/>
            <line number="90" hits="2" branch="false"/>
            <line number="91" hits="2" branch="false"/>
            <line number="92" hits="2" branch="false"/>
            <line number="95" hits="19" branch="false"/>
            <line number="128" hits="2" branch="false"/>
            <line number="156" hits="2" branch="false"/>
            <line number="208" hits="2" branch="false"/>
            <line number="234" hits="2" branch="false"/>
            <line number="279" hits="38" branch="false"/>
          </lines>
        </class>
        <class name="DeleteProduct.js" filename="src/pages/Products/DeleteProduct.js" line-rate="1" branch-rate="1">
          <methods>
            <method name="(anonymous_0)" hits="5" signature="()V">
              <lines>
                <line number="8" hits="5"/>
              </lines>
            </method>
            <method name="(anonymous_1)" hits="1" signature="()V">
              <lines>
                <line number="14" hits="1"/>
              </lines>
            </method>
            <method name="(anonymous_2)" hits="1" signature="()V">
              <lines>
                <line number="20" hits="1"/>
              </lines>
            </method>
          </methods>
          <lines>
            <line number="8" hits="2" branch="false"/>
            <line number="9" hits="5" branch="false"/>
            <line number="10" hits="5" branch="false"/>
            <line number="11" hits="5" branch="false"/>
            <line number="12" hits="5" branch="false"/>
            <line number="14" hits="5" branch="false"/>
            <line number="15" hits="1" branch="false"/>
            <line number="16" hits="1" branch="false"/>
            <line number="17" hits="1" branch="false"/>
            <line number="20" hits="5" branch="false"/>
            <line number="21" hits="1" branch="false"/>
            <line number="22" hits="1" branch="false"/>
            <line number="25" hits="5" branch="false"/>
          </lines>
        </class>
        <class name="EditProduct.js" filename="src/pages/Products/EditProduct.js" line-rate="1" branch-rate="0.525">
          <methods>
            <method name="(anonymous_0)" hits="14" signature="()V">
              <lines>
                <line number="10" hits="14"/>
              </lines>
            </method>
            <method name="(anonymous_1)" hits="1" signature="()V">
              <lines>
                <line number="61" hits="1"/>
              </lines>
            </method>
            <method name="(anonymous_2)" hits="1" signature="()V">
              <lines>
                <line number="70" hits="1"/>
              </lines>
            </method>
            <method name="(anonymous_3)" hits="1" signature="()V">
              <lines>
                <line number="79" hits="1"/>
              </lines>
            </method>
            <method name="(anonymous_4)" hits="1" signature="()V">
              <lines>
                <line number="96" hits="1"/>
              </lines>
            </method>
            <method name="(anonymous_5)" hits="1" signature="()V">
              <lines>
                <line number="138" hits="1"/>
              </lines>
            </method>
            <method name="(anonymous_6)" hits="1" signature="()V">
              <lines>
                <line number="166" hits="1"/>
              </lines>
            </method>
            <method name="(anonymous_7)" hits="1" signature="()V">
              <lines>
                <line number="218" hits="1"/>
              </lines>
            </method>
            <method name="(anonymous_8)" hits="1" signature="()V">
              <lines>
                <line number="244" hits="1"/>
              </lines>
            </method>
            <method name="(anonymous_9)" hits="26" signature="()V">
              <lines>
                <line number="288" hits="26"/>
              </lines>
            </method>
          </methods>
          <lines>
            <line number="10" hits="2" branch="false"/>
            <line number="11" hits="14" branch="false"/>
            <line number="12" hits="14" branch="false"/>
            <line number="13" hits="14" branch="false"/>
            <line number="14" hits="13" branch="false"/>
            <line number="15" hits="13" branch="false"/>
            <line number="16" hits="13" branch="false"/>
            <line number="17" hits="13" branch="false"/>
            <line number="18" hits="13" branch="false"/>
            <line number="21" hits="13" branch="false"/>
            <line number="24" hits="13" branch="false"/>
            <line number="26" hits="13" branch="false"/>
            <line number="55" hits="13" branch="false"/>
            <line number="59" hits="13" branch="false"/>
            <line number="61" hits="13" branch="false"/>
            <line number="62" hits="1" branch="false"/>
            <line number="63" hits="1" branch="false"/>
            <line number="64" hits="1" branch="false"/>
            <line number="65" hits="1" branch="false"/>
            <line number="66" hits="1" branch="false"/>
            <line number="67" hits="1" branch="false"/>
            <line number="70" hits="13" branch="false"/>
            <line number="71" hits="1" branch="false"/>
            <line number="72" hits="1" branch="false"/>
            <line number="73" hits="1" branch="false"/>
            <line number="74" hits="1" branch="false"/>
            <line number="75" hits="1" branch="false"/>
            <line number="76" hits="1" branch="false"/>
            <line number="79" hits="13" branch="false"/>
            <line number="80" hits="1" branch="false"/>
            <line number="82" hits="1" branch="false"/>
            <line number="84" hits="1" branch="false"/>
            <line number="91" hits="1" branch="true" condition-coverage="50% (1/2)"/>
            <line number="92" hits="1" branch="false"/>
            <line number="93" hits="1" branch="false"/>
            <line number="96" hits="13" branch="false"/>
            <line number="97" hits="1" branch="false"/>
            <line number="98" hits="1" branch="false"/>
            <line number="99" hits="1" branch="false"/>
            <line number="100" hits="1" branch="false"/>
            <line number="101" hits="1" branch="false"/>
            <line number="102" hits="1" branch="false"/>
            <line number="105" hits="13" branch="false"/>
            <line number="138" hits="1" branch="false"/>
            <line number="166" hits="1" branch="false"/>
            <line number="218" hits="1" branch="false"/>
            <line number="244" hits="1" branch="false"/>
            <line number="289" hits="26" branch="false"/>
          </lines>
        </class>
        <class name="Products.js" filename="src/pages/Products/Products.js" line-rate="1" branch-rate="0.9375">
          <methods>
            <method name="(anonymous_0)" hits="19" signature="()V">
              <lines>
                <line number="11" hits="19"/>
              </lines>
            </method>
            <method name="(anonymous_1)" hits="6" signature="()V">
              <lines>
                <line number="23" hits="6"/>
              </lines>
            </method>
            <method name="(anonymous_2)" hits="5" signature="()V">
              <lines>
                <line number="27" hits="5"/>
              </lines>
            </method>
            <method name="(anonymous_3)" hits="6" signature="()V">
              <lines>
                <line number="33" hits="6"/>
              </lines>
            </method>
            <method name="(anonymous_4)" hits="8" signature="()V">
              <lines>
                <line number="40" hits="8"/>
              </lines>
            </method>
            <method name="(anonymous_5)" hits="12" signature="()V">
              <lines>
                <line number="46" hits="12"/>
              </lines>
            </method>
            <method name="(anonymous_6)" hits="72" signature="()V">
              <lines>
                <line number="51" hits="72"/>
              </lines>
            </method>
            <method name="(anonymous_7)" hits="78" signature="()V">
              <lines>
                <line number="52" hits="78"/>
              </lines>
            </method>
            <method name="(anonymous_8)" hits="1" signature="()V">
              <lines>
                <line number="60" hits="1"/>
              </lines>
            </method>
            <method name="(anonymous_9)" hits="1" signature="()V">
              <lines>
                <line number="61" hits="1"/>
              </lines>
            </method>
            <method name="(anonymous_10)" hits="1" signature="()V">
              <lines>
                <line number="67" hits="1"/>
              </lines>
            </method>
            <method name="(anonymous_11)" hits="1" signature="()V">
              <lines>
                <line number="68" hits="1"/>
              </lines>
            </method>
            <method name="(anonymous_12)" hits="2" signature="()V">
              <lines>
                <line number="74" hits="2"/>
              </lines>
            </method>
            <method name="(anonymous_13)" hits="55" signature="()V">
              <lines>
                <line number="119" hits="55"/>
              </lines>
            </method>
            <method name="(anonymous_14)" hits="55" signature="()V">
              <lines>
                <line number="123" hits="55"/>
              </lines>
            </method>
            <method name="(anonymous_15)" hits="2" signature="()V">
              <lines>
                <line number="140" hits="2"/>
              </lines>
            </method>
            <method name="(anonymous_16)" hits="33" signature="()V">
              <lines>
                <line number="160" hits="33"/>
              </lines>
            </method>
          </methods>
          <lines>
            <line number="11" hits="2" branch="false"/>
            <line number="13" hits="19" branch="false"/>
            <line number="14" hits="18" branch="false"/>
            <line number="15" hits="18" branch="false"/>
            <line number="19" hits="18" branch="false"/>
            <line number="20" hits="18" branch="false"/>
            <line number="21" hits="18" branch="false"/>
            <line number="23" hits="18" branch="false"/>
            <line number="24" hits="6" branch="true" condition-coverage="100% (2/2)"/>
            <line number="25" hits="5" branch="false"/>
            <line number="26" hits="5" branch="false"/>
            <line number="27" hits="5" branch="false"/>
            <line number="28" hits="5" branch="false"/>
            <line number="33" hits="18" branch="false"/>
            <line number="34" hits="6" branch="true" condition-coverage="100% (2/2)"/>
            <line number="35" hits="5" branch="false"/>
            <line number="36" hits="5" branch="false"/>
            <line number="40" hits="18" branch="false"/>
            <line number="41" hits="8" branch="true" condition-coverage="100% (4/4)"/>
            <line number="42" hits="7" branch="false"/>
            <line number="46" hits="18" branch="false"/>
            <line number="47" hits="12" branch="false"/>
            <line number="48" hits="12" branch="false"/>
            <line number="49" hits="12" branch="false"/>
            <line number="52" hits="72" branch="false"/>
            <line number="53" hits="78" branch="false"/>
            <line number="60" hits="18" branch="false"/>
            <line number="61" hits="1" branch="false"/>
            <line number="67" hits="18" branch="false"/>
            <line number="68" hits="1" branch="false"/>
            <line number="74" hits="18" branch="false"/>
            <line number="75" hits="2" branch="false"/>
            <line number="76" hits="2" branch="true" condition-coverage="100% (2/2)"/>
            <line number="77" hits="1" branch="false"/>
            <line number="78" hits="1" branch="true" condition-coverage="50% (1/2)"/>
            <line number="79" hits="1" branch="false"/>
            <line number="83" hits="18" branch="false"/>
            <line number="120" hits="55" branch="false"/>
            <line number="124" hits="55" branch="false"/>
            <line number="140" hits="2" branch="false"/>
            <line number="161" hits="33" branch="false"/>
          </lines>
        </class>
      </classes>
    </package>
    <package name="src.services" line-rate="1" branch-rate="1">
      <classes>
        <class name="ProductService.js" filename="src/services/ProductService.js" line-rate="1" branch-rate="1">
          <methods>
            <method name="(anonymous_0)" hits="3" signature="()V">
              <lines>
                <line number="3" hits="3"/>
              </lines>
            </method>
            <method name="(anonymous_1)" hits="4" signature="()V">
              <lines>
                <line number="21" hits="4"/>
              </lines>
            </method>
            <method name="(anonymous_2)" hits="3" signature="()V">
              <lines>
                <line number="39" hits="3"/>
              </lines>
            </method>
            <method name="(anonymous_3)" hits="3" signature="()V">
              <lines>
                <line number="58" hits="3"/>
              </lines>
            </method>
            <method name="(anonymous_4)" hits="3" signature="()V">
              <lines>
                <line number="77" hits="3"/>
              </lines>
            </method>
          </methods>
          <lines>
            <line number="3" hits="6" branch="false"/>
            <line number="4" hits="3" branch="false"/>
            <line number="5" hits="3" branch="false"/>
            <line number="15" hits="1" branch="false"/>
            <line number="17" hits="2" branch="false"/>
            <line number="21" hits="6" branch="false"/>
            <line number="22" hits="4" branch="false"/>
            <line number="23" hits="4" branch="false"/>
            <line number="33" hits="1" branch="false"/>
            <line number="35" hits="2" branch="false"/>
            <line number="39" hits="6" branch="false"/>
            <line number="40" hits="3" branch="false"/>
            <line number="41" hits="3" branch="false"/>
            <line number="52" hits="1" branch="false"/>
            <line number="54" hits="2" branch="false"/>
            <line number="58" hits="6" branch="false"/>
            <line number="59" hits="3" branch="false"/>
            <line number="60" hits="3" branch="false"/>
            <line number="71" hits="1" branch="false"/>
            <line number="73" hits="2" branch="false"/>
            <line number="77" hits="6" branch="false"/>
            <line number="78" hits="3" branch="false"/>
            <line number="79" hits="3" branch="false"/>
            <line number="89" hits="1" branch="false"/>
            <line number="91" hits="2" branch="false"/>
            <line number="95" hits="6" branch="false"/>
          </lines>
        </class>
      </classes>
    </package>
    <package name="src.validator" line-rate="1" branch-rate="1">
      <classes>
        <class name="Validators.js" filename="src/validator/Validators.js" line-rate="1" branch-rate="1">
          <methods>
            <method name="(anonymous_0)" hits="10" signature="()V">
              <lines>
                <line number="1" hits="10"/>
              </lines>
            </method>
            <method name="(anonymous_1)" hits="8" signature="()V">
              <lines>
                <line number="16" hits="8"/>
              </lines>
            </method>
            <method name="(anonymous_2)" hits="8" signature="()V">
              <lines>
                <line number="29" hits="8"/>
              </lines>
            </method>
            <method name="(anonymous_3)" hits="6" signature="()V">
              <lines>
                <line number="42" hits="6"/>
              </lines>
            </method>
            <method name="(anonymous_4)" hits="8" signature="()V">
              <lines>
                <line number="49" hits="8"/>
              </lines>
            </method>
            <method name="(anonymous_5)" hits="6" signature="()V">
              <lines>
                <line number="63" hits="6"/>
              </lines>
            </method>
          </methods>
          <lines>
            <line number="1" hits="4" branch="false"/>
            <line number="2" hits="10" branch="true" condition-coverage="100% (2/2)"/>
            <line number="3" hits="2" branch="false"/>
            <line number="5" hits="8" branch="true" condition-coverage="100% (2/2)"/>
            <line number="6" hits="1" branch="false"/>
            <line number="7" hits="7" branch="true" condition-coverage="100% (2/2)"/>
            <line number="8" hits="1" branch="false"/>
            <line number="9" hits="6" branch="true" condition-coverage="100% (2/2)"/>
            <line number="10" hits="1" branch="false"/>
            <line number="13" hits="5" branch="false"/>
            <line number="16" hits="4" branch="false"/>
            <line number="17" hits="8" branch="true" condition-coverage="100% (2/2)"/>
            <line number="18" hits="2" branch="false"/>
            <line number="20" hits="6" branch="true" condition-coverage="100% (2/2)"/>
            <line number="21" hits="1" branch="false"/>
            <line number="22" hits="5" branch="true" condition-coverage="100% (2/2)"/>
            <line number="23" hits="1" branch="false"/>
            <line number="26" hits="4" branch="false"/>
            <line number="29" hits="4" branch="false"/>
            <line number="30" hits="8" branch="true" condition-coverage="100% (2/2)"/>
            <line number="31" hits="2" branch="false"/>
            <line number="33" hits="6" branch="true" condition-coverage="100% (2/2)"/>
            <line number="34" hits="1" branch="false"/>
            <line number="35" hits="5" branch="true" condition-coverage="100% (2/2)"/>
            <line number="36" hits="1" branch="false"/>
            <line number="39" hits="4" branch="false"/>
            <line number="42" hits="4" branch="false"/>
            <line number="43" hits="6" branch="true" condition-coverage="100% (2/2)"/>
            <line number="44" hits="2" branch="false"/>
            <line number="46" hits="4" branch="false"/>
            <line number="49" hits="4" branch="false"/>
            <line number="50" hits="8" branch="true" condition-coverage="100% (2/2)"/>
            <line number="51" hits="2" branch="false"/>
            <line number="53" hits="6" branch="false"/>
            <line number="54" hits="6" branch="false"/>
            <line number="55" hits="6" branch="false"/>
            <line number="56" hits="6" branch="true" condition-coverage="100% (2/2)"/>
            <line number="57" hits="1" branch="false"/>
            <line number="60" hits="5" branch="false"/>
            <line number="63" hits="4" branch="false"/>
            <line number="64" hits="6" branch="true" condition-coverage="100% (2/2)"/>
            <line number="65" hits="2" branch="false"/>
            <line number="67" hits="4" branch="false"/>
            <line number="68" hits="4" branch="false"/>
            <line number="69" hits="4" branch="true" condition-coverage="100% (2/2)"/>
            <line number="70" hits="1" branch="false"/>
            <line number="73" hits="3" branch="false"/>
          </lines>
        </class>
      </classes>
    </package>
  </packages>
</coverage>
