TN:
SF:src/App.js
FN:9,App
FNF:1
FNH:1
FNDA:1,App
DA:10,1
LF:1
LH:1
BRF:0
BRH:0
end_of_record
TN:
SF:src/pages/Products/AddProduct.js
FN:9,(anonymous_0)
FN:48,(anonymous_1)
FN:57,(anonymous_2)
FN:66,(anonymous_3)
FN:85,(anonymous_4)
FN:128,(anonymous_5)
FN:156,(anonymous_6)
FN:208,(anonymous_7)
FN:234,(anonymous_8)
FN:278,(anonymous_9)
FNF:10
FNH:10
FNDA:20,(anonymous_0)
FNDA:2,(anonymous_1)
FNDA:1,(anonymous_2)
FNDA:2,(anonymous_3)
FNDA:2,(anonymous_4)
FNDA:2,(anonymous_5)
FNDA:2,(anonymous_6)
FNDA:2,(anonymous_7)
FNDA:2,(anonymous_8)
FNDA:38,(anonymous_9)
DA:9,2
DA:10,20
DA:11,19
DA:12,19
DA:13,19
DA:14,19
DA:15,19
DA:16,19
DA:17,19
DA:19,19
DA:42,19
DA:46,19
DA:48,19
DA:49,2
DA:50,2
DA:51,2
DA:52,2
DA:53,2
DA:54,2
DA:57,19
DA:58,1
DA:59,1
DA:60,1
DA:61,1
DA:62,1
DA:63,1
DA:66,19
DA:67,2
DA:69,2
DA:71,2
DA:73,2
DA:80,2
DA:81,1
DA:82,1
DA:85,19
DA:86,2
DA:87,2
DA:88,2
DA:89,2
DA:90,2
DA:91,2
DA:92,2
DA:95,19
DA:128,2
DA:156,2
DA:208,2
DA:234,2
DA:279,38
LF:48
LH:48
BRDA:80,0,0,1
BRDA:80,0,1,1
BRDA:124,1,0,0
BRDA:124,1,1,19
BRDA:137,2,0,0
BRDA:137,2,1,19
BRDA:137,3,0,19
BRDA:137,3,1,0
BRDA:150,4,0,0
BRDA:150,4,1,19
BRDA:165,5,0,0
BRDA:165,5,1,19
BRDA:165,6,0,19
BRDA:165,6,1,0
BRDA:178,7,0,0
BRDA:178,7,1,19
BRDA:189,8,0,0
BRDA:189,8,1,19
BRDA:189,9,0,19
BRDA:189,9,1,0
BRDA:204,10,0,0
BRDA:204,10,1,19
BRDA:217,11,0,0
BRDA:217,11,1,19
BRDA:217,12,0,19
BRDA:217,12,1,0
BRDA:230,13,0,0
BRDA:230,13,1,19
BRDA:243,14,0,0
BRDA:243,14,1,19
BRDA:243,15,0,19
BRDA:243,15,1,0
BRDA:255,16,0,0
BRDA:255,16,1,19
BRDA:265,17,0,0
BRDA:265,17,1,19
BRDA:265,18,0,19
BRDA:265,18,1,0
BRDA:277,19,0,19
BRDA:277,19,1,19
BRF:40
BRH:22
end_of_record
TN:
SF:src/pages/Products/DeleteProduct.js
FN:8,(anonymous_0)
FN:14,(anonymous_1)
FN:20,(anonymous_2)
FNF:3
FNH:3
FNDA:5,(anonymous_0)
FNDA:1,(anonymous_1)
FNDA:1,(anonymous_2)
DA:8,2
DA:9,5
DA:10,5
DA:11,5
DA:12,5
DA:14,5
DA:15,1
DA:16,1
DA:17,1
DA:20,5
DA:21,1
DA:22,1
DA:25,5
LF:13
LH:13
BRF:0
BRH:0
end_of_record
TN:
SF:src/pages/Products/EditProduct.js
FN:10,(anonymous_0)
FN:61,(anonymous_1)
FN:70,(anonymous_2)
FN:79,(anonymous_3)
FN:96,(anonymous_4)
FN:138,(anonymous_5)
FN:166,(anonymous_6)
FN:218,(anonymous_7)
FN:244,(anonymous_8)
FN:288,(anonymous_9)
FNF:10
FNH:10
FNDA:14,(anonymous_0)
FNDA:1,(anonymous_1)
FNDA:1,(anonymous_2)
FNDA:1,(anonymous_3)
FNDA:1,(anonymous_4)
FNDA:1,(anonymous_5)
FNDA:1,(anonymous_6)
FNDA:1,(anonymous_7)
FNDA:1,(anonymous_8)
FNDA:26,(anonymous_9)
DA:10,2
DA:11,14
DA:12,14
DA:13,14
DA:14,13
DA:15,13
DA:16,13
DA:17,13
DA:18,13
DA:21,13
DA:24,13
DA:26,13
DA:55,13
DA:59,13
DA:61,13
DA:62,1
DA:63,1
DA:64,1
DA:65,1
DA:66,1
DA:67,1
DA:70,13
DA:71,1
DA:72,1
DA:73,1
DA:74,1
DA:75,1
DA:76,1
DA:79,13
DA:80,1
DA:82,1
DA:84,1
DA:91,1
DA:92,1
DA:93,1
DA:96,13
DA:97,1
DA:98,1
DA:99,1
DA:100,1
DA:101,1
DA:102,1
DA:105,13
DA:138,1
DA:166,1
DA:218,1
DA:244,1
DA:289,26
LF:48
LH:48
BRDA:91,0,0,0
BRDA:91,0,1,1
BRDA:134,1,0,0
BRDA:134,1,1,13
BRDA:147,2,0,0
BRDA:147,2,1,13
BRDA:147,3,0,13
BRDA:147,3,1,0
BRDA:160,4,0,0
BRDA:160,4,1,13
BRDA:175,5,0,0
BRDA:175,5,1,13
BRDA:175,6,0,13
BRDA:175,6,1,0
BRDA:188,7,0,0
BRDA:188,7,1,13
BRDA:199,8,0,0
BRDA:199,8,1,13
BRDA:199,9,0,13
BRDA:199,9,1,0
BRDA:214,10,0,0
BRDA:214,10,1,13
BRDA:227,11,0,0
BRDA:227,11,1,13
BRDA:227,12,0,13
BRDA:227,12,1,0
BRDA:240,13,0,0
BRDA:240,13,1,13
BRDA:253,14,0,0
BRDA:253,14,1,13
BRDA:253,15,0,13
BRDA:253,15,1,0
BRDA:265,16,0,0
BRDA:265,16,1,13
BRDA:275,17,0,0
BRDA:275,17,1,13
BRDA:275,18,0,13
BRDA:275,18,1,0
BRDA:287,19,0,13
BRDA:287,19,1,13
BRF:40
BRH:21
end_of_record
TN:
SF:src/pages/Products/Products.js
FN:11,(anonymous_0)
FN:23,(anonymous_1)
FN:27,(anonymous_2)
FN:33,(anonymous_3)
FN:40,(anonymous_4)
FN:46,(anonymous_5)
FN:51,(anonymous_6)
FN:52,(anonymous_7)
FN:60,(anonymous_8)
FN:61,(anonymous_9)
FN:67,(anonymous_10)
FN:68,(anonymous_11)
FN:74,(anonymous_12)
FN:119,(anonymous_13)
FN:123,(anonymous_14)
FN:140,(anonymous_15)
FN:160,(anonymous_16)
FNF:17
FNH:17
FNDA:19,(anonymous_0)
FNDA:6,(anonymous_1)
FNDA:5,(anonymous_2)
FNDA:6,(anonymous_3)
FNDA:8,(anonymous_4)
FNDA:12,(anonymous_5)
FNDA:72,(anonymous_6)
FNDA:78,(anonymous_7)
FNDA:1,(anonymous_8)
FNDA:1,(anonymous_9)
FNDA:1,(anonymous_10)
FNDA:1,(anonymous_11)
FNDA:2,(anonymous_12)
FNDA:55,(anonymous_13)
FNDA:55,(anonymous_14)
FNDA:2,(anonymous_15)
FNDA:33,(anonymous_16)
DA:11,2
DA:13,19
DA:14,18
DA:15,18
DA:19,18
DA:20,18
DA:21,18
DA:23,18
DA:24,6
DA:25,5
DA:26,5
DA:27,5
DA:28,5
DA:33,18
DA:34,6
DA:35,5
DA:36,5
DA:40,18
DA:41,8
DA:42,7
DA:46,18
DA:47,12
DA:48,12
DA:49,12
DA:52,72
DA:53,78
DA:60,18
DA:61,1
DA:67,18
DA:68,1
DA:74,18
DA:75,2
DA:76,2
DA:77,1
DA:78,1
DA:79,1
DA:83,18
DA:120,55
DA:124,55
DA:140,2
DA:161,33
LF:41
LH:41
BRDA:24,0,0,5
BRDA:24,0,1,1
BRDA:34,1,0,5
BRDA:34,1,1,1
BRDA:41,2,0,7
BRDA:41,2,1,1
BRDA:41,3,0,8
BRDA:41,3,1,7
BRDA:76,4,0,1
BRDA:76,4,1,1
BRDA:78,5,0,1
BRDA:78,5,1,0
BRDA:89,6,0,7
BRDA:89,6,1,11
BRDA:93,7,0,11
BRDA:93,7,1,11
BRF:16
BRH:15
end_of_record
TN:
SF:src/services/ProductService.js
FN:3,(anonymous_0)
FN:21,(anonymous_1)
FN:39,(anonymous_2)
FN:58,(anonymous_3)
FN:77,(anonymous_4)
FNF:5
FNH:5
FNDA:3,(anonymous_0)
FNDA:4,(anonymous_1)
FNDA:3,(anonymous_2)
FNDA:3,(anonymous_3)
FNDA:3,(anonymous_4)
DA:3,6
DA:4,3
DA:5,3
DA:15,1
DA:17,2
DA:21,6
DA:22,4
DA:23,4
DA:33,1
DA:35,2
DA:39,6
DA:40,3
DA:41,3
DA:52,1
DA:54,2
DA:58,6
DA:59,3
DA:60,3
DA:71,1
DA:73,2
DA:77,6
DA:78,3
DA:79,3
DA:89,1
DA:91,2
DA:95,6
LF:26
LH:26
BRF:0
BRH:0
end_of_record
TN:
SF:src/validator/Validators.js
FN:1,(anonymous_0)
FN:16,(anonymous_1)
FN:29,(anonymous_2)
FN:42,(anonymous_3)
FN:49,(anonymous_4)
FN:63,(anonymous_5)
FNF:6
FNH:6
FNDA:10,(anonymous_0)
FNDA:8,(anonymous_1)
FNDA:8,(anonymous_2)
FNDA:6,(anonymous_3)
FNDA:8,(anonymous_4)
FNDA:6,(anonymous_5)
DA:1,4
DA:2,10
DA:3,2
DA:5,8
DA:6,1
DA:7,7
DA:8,1
DA:9,6
DA:10,1
DA:13,5
DA:16,4
DA:17,8
DA:18,2
DA:20,6
DA:21,1
DA:22,5
DA:23,1
DA:26,4
DA:29,4
DA:30,8
DA:31,2
DA:33,6
DA:34,1
DA:35,5
DA:36,1
DA:39,4
DA:42,4
DA:43,6
DA:44,2
DA:46,4
DA:49,4
DA:50,8
DA:51,2
DA:53,6
DA:54,6
DA:55,6
DA:56,6
DA:57,1
DA:60,5
DA:63,4
DA:64,6
DA:65,2
DA:67,4
DA:68,4
DA:69,4
DA:70,1
DA:73,3
LF:47
LH:47
BRDA:2,0,0,2
BRDA:2,0,1,8
BRDA:5,1,0,1
BRDA:5,1,1,7
BRDA:7,2,0,1
BRDA:7,2,1,6
BRDA:9,3,0,1
BRDA:9,3,1,5
BRDA:17,4,0,2
BRDA:17,4,1,6
BRDA:20,5,0,1
BRDA:20,5,1,5
BRDA:22,6,0,1
BRDA:22,6,1,4
BRDA:30,7,0,2
BRDA:30,7,1,6
BRDA:33,8,0,1
BRDA:33,8,1,5
BRDA:35,9,0,1
BRDA:35,9,1,4
BRDA:43,10,0,2
BRDA:43,10,1,4
BRDA:50,11,0,2
BRDA:50,11,1,6
BRDA:56,12,0,1
BRDA:56,12,1,5
BRDA:64,13,0,2
BRDA:64,13,1,4
BRDA:69,14,0,1
BRDA:69,14,1,3
BRF:30
BRH:30
end_of_record
